<?xml version="1.0" encoding="UTF-8"?>
<!-- Generated by org.testng.reporters.JUnitXMLReporter -->
<testsuite ignored="3" hostname="Muras-MB-Pro.local" failures="0" tests="1" name="Default test" time="21.048" errors="0" timestamp="2025-04-17T11:04:38 PDT">
  <testcase classname="com.Automation.Tests.UserMenuDropDownTest" name="userMenuTest" time="14.631"/>
  <testcase classname="com.Automation.Tests.UserMenuDropDownTest" name="mySettingsTest" time="0.0">
    <ignored/>
  </testcase> <!-- mySettingsTest -->
  <testcase classname="com.Automation.Tests.UserMenuDropDownTest" name="myProfileTest" time="0.0">
    <ignored/>
  </testcase> <!-- myProfileTest -->
  <testcase classname="com.Automation.Tests.UserMenuDropDownTest" name="developerConsoleTest" time="0.0">
    <ignored/>
  </testcase> <!-- developerConsoleTest -->
</testsuite> <!-- Default test -->
